# JRE version: Java(TM) SE Runtime Environment (8.0_40-b25) (build 1.8.0_40-b25)
# Java VM: Java HotSpot(TM) 64-Bit Server VM (25.40-b25 mixed mode bsd-amd64 compressed oops)
Heap:
 PSYoungGen      total 290304K, used 80292K [0x00000007aab00000, 0x00000007c0000000, 0x00000007c0000000)
  eden space 241664K, 13% used [0x00000007aab00000,0x00000007ac9ece50,0x00000007b9700000)
  from space 48640K, 99% used [0x00000007b9700000,0x00000007bc67c228,0x00000007bc680000)
  to   space 58880K, 0% used [0x00000007bc680000,0x00000007bc680000,0x00000007c0000000)
 ParOldGen       total 166400K, used 92612K [0x0000000780000000, 0x000000078a280000, 0x00000007aab00000)
  object space 166400K, 55% used [0x0000000780000000,0x0000000785a71038,0x000000078a280000)
 Metaspace       used 84821K, capacity 92006K, committed 92160K, reserved 1128448K
  class space    used 11740K, capacity 14022K, committed 14080K, reserved 1048576K
GC Heap History (10 events):
Event: 280.861 GC heap before
{Heap before GC invocations=17 (full 3):
 PSYoungGen      total 299008K, used 239994K [0x00000007aab00000, 0x00000007c0000000, 0x00000007c0000000)
  eden space 272384K, 78% used [0x00000007aab00000,0x00000007b7b688a0,0x00000007bb500000)
  from space 26624K, 99% used [0x00000007bb500000,0x00000007bcef61d8,0x00000007bcf00000)
  to   space 40448K, 0% used [0x00000007bd880000,0x00000007bd880000,0x00000007c0000000)
 ParOldGen       total 166400K, used 59019K [0x0000000780000000, 0x000000078a280000, 0x00000007aab00000)
  object space 166400K, 35% used [0x0000000780000000,0x00000007839a2c98,0x000000078a280000)
 Metaspace       used 65067K, capacity 69336K, committed 69376K, reserved 1107968K
  class space    used 8852K, capacity 10224K, committed 10240K, reserved 1048576K
Event: 280.878 GC heap after
Heap after GC invocations=17 (full 3):
 PSYoungGen      total 294400K, used 40445K [0x00000007aab00000, 0x00000007c0000000, 0x00000007c0000000)
  eden space 253952K, 0% used [0x00000007aab00000,0x00000007aab00000,0x00000007ba300000)
  from space 40448K, 99% used [0x00000007bd880000,0x00000007bffff698,0x00000007c0000000)
  to   space 47616K, 0% used [0x00000007ba300000,0x00000007ba300000,0x00000007bd180000)
 ParOldGen       total 166400K, used 59645K [0x0000000780000000, 0x000000078a280000, 0x00000007aab00000)
  object space 166400K, 35% used [0x0000000780000000,0x0000000783a3f6d0,0x000000078a280000)
 Metaspace       used 65067K, capacity 69336K, committed 69376K, reserved 1107968K
  class space    used 8852K, capacity 10224K, committed 10240K, reserved 1048576K
}
Event: 280.878 GC heap before
{Heap before GC invocations=18 (full 4):
 PSYoungGen      total 294400K, used 40445K [0x00000007aab00000, 0x00000007c0000000, 0x00000007c0000000)
  eden space 253952K, 0% used [0x00000007aab00000,0x00000007aab00000,0x00000007ba300000)
  from space 40448K, 99% used [0x00000007bd880000,0x00000007bffff698,0x00000007c0000000)
  to   space 47616K, 0% used [0x00000007ba300000,0x00000007ba300000,0x00000007bd180000)
 ParOldGen       total 166400K, used 59645K [0x0000000780000000, 0x000000078a280000, 0x00000007aab00000)
  object space 166400K, 35% used [0x0000000780000000,0x0000000783a3f6d0,0x000000078a280000)
 Metaspace       used 65067K, capacity 69336K, committed 69376K, reserved 1107968K
  class space    used 8852K, capacity 10224K, committed 10240K, reserved 1048576K
Event: 281.199 GC heap after
Heap after GC invocations=18 (full 4):
 PSYoungGen      total 294400K, used 0K [0x00000007aab00000, 0x00000007c0000000, 0x00000007c0000000)
  eden space 253952K, 0% used [0x00000007aab00000,0x00000007aab00000,0x00000007ba300000)
  from space 40448K, 0% used [0x00000007bd880000,0x00000007bd880000,0x00000007c0000000)
  to   space 47616K, 0% used [0x00000007ba300000,0x00000007ba300000,0x00000007bd180000)
 ParOldGen       total 166400K, used 92588K [0x0000000780000000, 0x000000078a280000, 0x00000007aab00000)
  object space 166400K, 55% used [0x0000000780000000,0x0000000785a6b038,0x000000078a280000)
 Metaspace       used 65033K, capacity 69222K, committed 69376K, reserved 1107968K
  class space    used 8846K, capacity 10190K, committed 10240K, reserved 1048576K
}
Event: 285.146 GC heap before
{Heap before GC invocations=19 (full 4):
 PSYoungGen      total 294400K, used 253952K [0x00000007aab00000, 0x00000007c0000000, 0x00000007c0000000)
  eden space 253952K, 100% used [0x00000007aab00000,0x00000007ba300000,0x00000007ba300000)
  from space 40448K, 0% used [0x00000007bd880000,0x00000007bd880000,0x00000007c0000000)
  to   space 47616K, 0% used [0x00000007ba300000,0x00000007ba300000,0x00000007bd180000)
 ParOldGen       total 166400K, used 92588K [0x0000000780000000, 0x000000078a280000, 0x00000007aab00000)
  object space 166400K, 55% used [0x0000000780000000,0x0000000785a6b038,0x000000078a280000)
 Metaspace       used 72203K, capacity 77387K, committed 77696K, reserved 1116160K
  class space    used 9887K, capacity 11527K, committed 11648K, reserved 1048576K
Event: 285.169 GC heap after
Heap after GC invocations=19 (full 4):
 PSYoungGen      total 284672K, used 30621K [0x00000007aab00000, 0x00000007c0000000, 0x00000007c0000000)
  eden space 253952K, 0% used [0x00000007aab00000,0x00000007aab00000,0x00000007ba300000)
  from space 30720K, 99% used [0x00000007ba300000,0x00000007bc0e75e8,0x00000007bc100000)
  to   space 49152K, 0% used [0x00000007bd000000,0x00000007bd000000,0x00000007c0000000)
 ParOldGen       total 166400K, used 92596K [0x0000000780000000, 0x000000078a280000, 0x00000007aab00000)
  object space 166400K, 55% used [0x0000000780000000,0x0000000785a6d038,0x000000078a280000)
 Metaspace       used 72203K, capacity 77387K, committed 77696K, reserved 1116160K
  class space    used 9887K, capacity 11527K, committed 11648K, reserved 1048576K
}
Event: 319.956 GC heap before
{Heap before GC invocations=20 (full 4):
 PSYoungGen      total 284672K, used 284573K [0x00000007aab00000, 0x00000007c0000000, 0x00000007c0000000)
  eden space 253952K, 100% used [0x00000007aab00000,0x00000007ba300000,0x00000007ba300000)
  from space 30720K, 99% used [0x00000007ba300000,0x00000007bc0e75e8,0x00000007bc100000)
  to   space 49152K, 0% used [0x00000007bd000000,0x00000007bd000000,0x00000007c0000000)
 ParOldGen       total 166400K, used 92596K [0x0000000780000000, 0x000000078a280000, 0x00000007aab00000)
  object space 166400K, 55% used [0x0000000780000000,0x0000000785a6d038,0x000000078a280000)
 Metaspace       used 78707K, capacity 84983K, committed 85120K, reserved 1122304K
  class space    used 10851K, capacity 12864K, committed 12928K, reserved 1048576K
Event: 319.978 GC heap after
Heap after GC invocations=20 (full 4):
 PSYoungGen      total 290816K, used 39348K [0x00000007aab00000, 0x00000007c0000000, 0x00000007c0000000)
  eden space 241664K, 0% used [0x00000007aab00000,0x00000007aab00000,0x00000007b9700000)
  from space 49152K, 80% used [0x00000007bd000000,0x00000007bf66d200,0x00000007c0000000)
  to   space 53760K, 0% used [0x00000007b9700000,0x00000007b9700000,0x00000007bcb80000)
 ParOldGen       total 166400K, used 92604K [0x0000000780000000, 0x000000078a280000, 0x00000007aab00000)
  object space 166400K, 55% used [0x0000000780000000,0x0000000785a6f038,0x000000078a280000)
 Metaspace       used 78707K, capacity 84983K, committed 85120K, reserved 1122304K
  class space    used 10851K, capacity 12864K, committed 12928K, reserved 1048576K
}
Event: 352.743 GC heap before
{Heap before GC invocations=21 (full 4):
 PSYoungGen      total 290816K, used 281012K [0x00000007aab00000, 0x00000007c0000000, 0x00000007c0000000)
  eden space 241664K, 100% used [0x00000007aab00000,0x00000007b9700000,0x00000007b9700000)
  from space 49152K, 80% used [0x00000007bd000000,0x00000007bf66d200,0x00000007c0000000)
  to   space 53760K, 0% used [0x00000007b9700000,0x00000007b9700000,0x00000007bcb80000)
 ParOldGen       total 166400K, used 92604K [0x0000000780000000, 0x000000078a280000, 0x00000007aab00000)
  object space 166400K, 55% used [0x0000000780000000,0x0000000785a6f038,0x000000078a280000)
 Metaspace       used 83930K, capacity 90820K, committed 91008K, reserved 1126400K
  class space    used 11603K, capacity 13825K, committed 13952K, reserved 1048576K
Event: 352.773 GC heap after
Heap after GC invocations=21 (full 4):
 PSYoungGen      total 290304K, used 48624K [0x00000007aab00000, 0x00000007c0000000, 0x00000007c0000000)
  eden space 241664K, 0% used [0x00000007aab00000,0x00000007aab00000,0x00000007b9700000)
  from space 48640K, 99% used [0x00000007b9700000,0x00000007bc67c228,0x00000007bc680000)
  to   space 58880K, 0% used [0x00000007bc680000,0x00000007bc680000,0x00000007c0000000)
 ParOldGen       total 166400K, used 92612K [0x0000000780000000, 0x000000078a280000, 0x00000007aab00000)
  object space 166400K, 55% used [0x0000000780000000,0x0000000785a71038,0x000000078a280000)
 Metaspace       used 83930K, capacity 90820K, committed 91008K, reserved 1126400K
  class space    used 11603K, capacity 13825K, committed 13952K, reserved 1048576K
}

